<?xml version="1.0" encoding="UTF-8"?>
<testsuite xmlns:xsi="http://www.w3.org/2001/XMLSchema-instance" xsi:noNamespaceSchemaLocation="https://maven.apache.org/surefire/maven-surefire-plugin/xsd/surefire-test-report.xsd" name="com.example.flink_job.FlinkJobApplicationTests" time="7.328" tests="1" errors="0" skipped="0" failures="0">
  <properties>
    <property name="java.specification.version" value="21"/>
    <property name="sun.jnu.encoding" value="UTF-8"/>
    <property name="java.class.path" value="/Users/rajeevmohan/Desktop/Spring Boot/real-time-event-proccessing/flink-job/target/test-classes:/Users/rajeevmohan/Desktop/Spring Boot/real-time-event-proccessing/flink-job/target/classes:/Users/rajeevmohan/.m2/repository/org/springframework/boot/spring-boot-starter/2.7.0/spring-boot-starter-2.7.0.jar:/Users/rajeevmohan/.m2/repository/org/springframework/boot/spring-boot/2.7.0/spring-boot-2.7.0.jar:/Users/rajeevmohan/.m2/repository/org/springframework/spring-context/5.3.20/spring-context-5.3.20.jar:/Users/rajeevmohan/.m2/repository/org/springframework/spring-aop/5.3.20/spring-aop-5.3.20.jar:/Users/rajeevmohan/.m2/repository/org/springframework/spring-beans/5.3.20/spring-beans-5.3.20.jar:/Users/rajeevmohan/.m2/repository/org/springframework/spring-expression/5.3.20/spring-expression-5.3.20.jar:/Users/rajeevmohan/.m2/repository/org/springframework/boot/spring-boot-autoconfigure/2.7.0/spring-boot-autoconfigure-2.7.0.jar:/Users/rajeevmohan/.m2/repository/jakarta/annotation/jakarta.annotation-api/1.3.5/jakarta.annotation-api-1.3.5.jar:/Users/rajeevmohan/.m2/repository/org/springframework/spring-core/5.3.20/spring-core-5.3.20.jar:/Users/rajeevmohan/.m2/repository/org/springframework/spring-jcl/5.3.20/spring-jcl-5.3.20.jar:/Users/rajeevmohan/.m2/repository/org/yaml/snakeyaml/1.30/snakeyaml-1.30.jar:/Users/rajeevmohan/.m2/repository/org/apache/flink/flink-streaming-java/1.18.1/flink-streaming-java-1.18.1.jar:/Users/rajeevmohan/.m2/repository/org/apache/flink/flink-core/1.18.1/flink-core-1.18.1.jar:/Users/rajeevmohan/.m2/repository/org/apache/flink/flink-annotations/1.18.1/flink-annotations-1.18.1.jar:/Users/rajeevmohan/.m2/repository/org/apache/flink/flink-metrics-core/1.18.1/flink-metrics-core-1.18.1.jar:/Users/rajeevmohan/.m2/repository/org/apache/flink/flink-shaded-asm-9/9.5-17.0/flink-shaded-asm-9-9.5-17.0.jar:/Users/rajeevmohan/.m2/repository/org/apache/flink/flink-shaded-jackson/2.14.2-17.0/flink-shaded-jackson-2.14.2-17.0.jar:/Users/rajeevmohan/.m2/repository/org/apache/commons/commons-lang3/3.12.0/commons-lang3-3.12.0.jar:/Users/rajeevmohan/.m2/repository/org/apache/commons/commons-text/1.10.0/commons-text-1.10.0.jar:/Users/rajeevmohan/.m2/repository/com/esotericsoftware/kryo/kryo/2.24.0/kryo-2.24.0.jar:/Users/rajeevmohan/.m2/repository/com/esotericsoftware/minlog/minlog/1.2/minlog-1.2.jar:/Users/rajeevmohan/.m2/repository/commons-collections/commons-collections/3.2.2/commons-collections-3.2.2.jar:/Users/rajeevmohan/.m2/repository/org/apache/commons/commons-compress/1.21/commons-compress-1.21.jar:/Users/rajeevmohan/.m2/repository/org/apache/flink/flink-file-sink-common/1.18.1/flink-file-sink-common-1.18.1.jar:/Users/rajeevmohan/.m2/repository/org/apache/flink/flink-runtime/1.18.1/flink-runtime-1.18.1.jar:/Users/rajeevmohan/.m2/repository/org/apache/flink/flink-rpc-core/1.18.1/flink-rpc-core-1.18.1.jar:/Users/rajeevmohan/.m2/repository/org/apache/flink/flink-rpc-akka-loader/1.18.1/flink-rpc-akka-loader-1.18.1.jar:/Users/rajeevmohan/.m2/repository/org/apache/flink/flink-queryable-state-client-java/1.18.1/flink-queryable-state-client-java-1.18.1.jar:/Users/rajeevmohan/.m2/repository/org/apache/flink/flink-hadoop-fs/1.18.1/flink-hadoop-fs-1.18.1.jar:/Users/rajeevmohan/.m2/repository/commons-io/commons-io/2.11.0/commons-io-2.11.0.jar:/Users/rajeevmohan/.m2/repository/org/apache/flink/flink-shaded-netty/4.1.91.Final-17.0/flink-shaded-netty-4.1.91.Final-17.0.jar:/Users/rajeevmohan/.m2/repository/org/apache/flink/flink-shaded-zookeeper-3/3.7.1-17.0/flink-shaded-zookeeper-3-3.7.1-17.0.jar:/Users/rajeevmohan/.m2/repository/commons-cli/commons-cli/1.5.0/commons-cli-1.5.0.jar:/Users/rajeevmohan/.m2/repository/org/javassist/javassist/3.24.0-GA/javassist-3.24.0-GA.jar:/Users/rajeevmohan/.m2/repository/org/xerial/snappy/snappy-java/1.1.10.4/snappy-java-1.1.10.4.jar:/Users/rajeevmohan/.m2/repository/org/lz4/lz4-java/1.8.0/lz4-java-1.8.0.jar:/Users/rajeevmohan/.m2/repository/org/apache/flink/flink-java/1.18.1/flink-java-1.18.1.jar:/Users/rajeevmohan/.m2/repository/com/twitter/chill-java/0.7.6/chill-java-0.7.6.jar:/Users/rajeevmohan/.m2/repository/org/apache/flink/flink-shaded-guava/31.1-jre-17.0/flink-shaded-guava-31.1-jre-17.0.jar:/Users/rajeevmohan/.m2/repository/org/apache/commons/commons-math3/3.6.1/commons-math3-3.6.1.jar:/Users/rajeevmohan/.m2/repository/org/slf4j/slf4j-api/1.7.36/slf4j-api-1.7.36.jar:/Users/rajeevmohan/.m2/repository/com/google/code/findbugs/jsr305/1.3.9/jsr305-1.3.9.jar:/Users/rajeevmohan/.m2/repository/org/apache/flink/flink-connector-kafka/3.0.1-1.18/flink-connector-kafka-3.0.1-1.18.jar:/Users/rajeevmohan/.m2/repository/org/apache/flink/flink-connector-base/1.17.0/flink-connector-base-1.17.0.jar:/Users/rajeevmohan/.m2/repository/org/apache/kafka/kafka-clients/3.1.1/kafka-clients-3.1.1.jar:/Users/rajeevmohan/.m2/repository/com/github/luben/zstd-jni/1.5.0-4/zstd-jni-1.5.0-4.jar:/Users/rajeevmohan/.m2/repository/com/fasterxml/jackson/core/jackson-core/2.13.3/jackson-core-2.13.3.jar:/Users/rajeevmohan/.m2/repository/com/fasterxml/jackson/core/jackson-databind/2.13.3/jackson-databind-2.13.3.jar:/Users/rajeevmohan/.m2/repository/com/fasterxml/jackson/core/jackson-annotations/2.13.3/jackson-annotations-2.13.3.jar:/Users/rajeevmohan/.m2/repository/com/fasterxml/jackson/datatype/jackson-datatype-jsr310/2.13.3/jackson-datatype-jsr310-2.13.3.jar:/Users/rajeevmohan/.m2/repository/com/fasterxml/jackson/datatype/jackson-datatype-jdk8/2.13.3/jackson-datatype-jdk8-2.13.3.jar:/Users/rajeevmohan/.m2/repository/org/apache/flink/flink-connector-jdbc/3.1.1-1.17/flink-connector-jdbc-3.1.1-1.17.jar:/Users/rajeevmohan/.m2/repository/com/google/code/gson/gson/2.8.8/gson-2.8.8.jar:/Users/rajeevmohan/.m2/repository/org/projectlombok/lombok/1.18.24/lombok-1.18.24.jar:/Users/rajeevmohan/.m2/repository/org/springframework/boot/spring-boot-starter-test/2.7.0/spring-boot-starter-test-2.7.0.jar:/Users/rajeevmohan/.m2/repository/org/springframework/boot/spring-boot-test/2.7.0/spring-boot-test-2.7.0.jar:/Users/rajeevmohan/.m2/repository/org/springframework/boot/spring-boot-test-autoconfigure/2.7.0/spring-boot-test-autoconfigure-2.7.0.jar:/Users/rajeevmohan/.m2/repository/com/jayway/jsonpath/json-path/2.7.0/json-path-2.7.0.jar:/Users/rajeevmohan/.m2/repository/net/minidev/json-smart/2.4.8/json-smart-2.4.8.jar:/Users/rajeevmohan/.m2/repository/net/minidev/accessors-smart/2.4.8/accessors-smart-2.4.8.jar:/Users/rajeevmohan/.m2/repository/org/ow2/asm/asm/9.1/asm-9.1.jar:/Users/rajeevmohan/.m2/repository/jakarta/xml/bind/jakarta.xml.bind-api/2.3.3/jakarta.xml.bind-api-2.3.3.jar:/Users/rajeevmohan/.m2/repository/jakarta/activation/jakarta.activation-api/1.2.2/jakarta.activation-api-1.2.2.jar:/Users/rajeevmohan/.m2/repository/org/assertj/assertj-core/3.22.0/assertj-core-3.22.0.jar:/Users/rajeevmohan/.m2/repository/org/hamcrest/hamcrest/2.2/hamcrest-2.2.jar:/Users/rajeevmohan/.m2/repository/org/junit/jupiter/junit-jupiter/5.8.2/junit-jupiter-5.8.2.jar:/Users/rajeevmohan/.m2/repository/org/junit/jupiter/junit-jupiter-api/5.8.2/junit-jupiter-api-5.8.2.jar:/Users/rajeevmohan/.m2/repository/org/opentest4j/opentest4j/1.2.0/opentest4j-1.2.0.jar:/Users/rajeevmohan/.m2/repository/org/junit/platform/junit-platform-commons/1.8.2/junit-platform-commons-1.8.2.jar:/Users/rajeevmohan/.m2/repository/org/apiguardian/apiguardian-api/1.1.2/apiguardian-api-1.1.2.jar:/Users/rajeevmohan/.m2/repository/org/junit/jupiter/junit-jupiter-params/5.8.2/junit-jupiter-params-5.8.2.jar:/Users/rajeevmohan/.m2/repository/org/junit/jupiter/junit-jupiter-engine/5.8.2/junit-jupiter-engine-5.8.2.jar:/Users/rajeevmohan/.m2/repository/org/junit/platform/junit-platform-engine/1.8.2/junit-platform-engine-1.8.2.jar:/Users/rajeevmohan/.m2/repository/org/mockito/mockito-core/4.5.1/mockito-core-4.5.1.jar:/Users/rajeevmohan/.m2/repository/net/bytebuddy/byte-buddy/1.12.10/byte-buddy-1.12.10.jar:/Users/rajeevmohan/.m2/repository/net/bytebuddy/byte-buddy-agent/1.12.10/byte-buddy-agent-1.12.10.jar:/Users/rajeevmohan/.m2/repository/org/objenesis/objenesis/3.2/objenesis-3.2.jar:/Users/rajeevmohan/.m2/repository/org/mockito/mockito-junit-jupiter/4.5.1/mockito-junit-jupiter-4.5.1.jar:/Users/rajeevmohan/.m2/repository/org/skyscreamer/jsonassert/1.5.0/jsonassert-1.5.0.jar:/Users/rajeevmohan/.m2/repository/com/vaadin/external/google/android-json/0.0.20131108.vaadin1/android-json-0.0.20131108.vaadin1.jar:/Users/rajeevmohan/.m2/repository/org/springframework/spring-test/5.3.20/spring-test-5.3.20.jar:/Users/rajeevmohan/.m2/repository/org/xmlunit/xmlunit-core/2.9.0/xmlunit-core-2.9.0.jar:/Users/rajeevmohan/.m2/repository/org/apache/logging/log4j/log4j-slf4j-impl/2.17.1/log4j-slf4j-impl-2.17.1.jar:/Users/rajeevmohan/.m2/repository/org/apache/logging/log4j/log4j-api/2.17.1/log4j-api-2.17.1.jar:/Users/rajeevmohan/.m2/repository/org/apache/logging/log4j/log4j-core/2.17.1/log4j-core-2.17.1.jar:"/>
    <property name="java.vm.vendor" value="Homebrew"/>
    <property name="sun.arch.data.model" value="64"/>
    <property name="java.vendor.url" value="https://github.com/Homebrew/homebrew-core/issues"/>
    <property name="os.name" value="Mac OS X"/>
    <property name="java.vm.specification.version" value="21"/>
    <property name="sun.java.launcher" value="SUN_STANDARD"/>
    <property name="user.country" value="IN"/>
    <property name="sun.boot.library.path" value="/usr/local/Cellar/openjdk/21.0.1/libexec/openjdk.jdk/Contents/Home/lib"/>
    <property name="sun.java.command" value="/Users/rajeevmohan/Desktop/Spring Boot/real-time-event-proccessing/flink-job/target/surefire/surefirebooter7963299784413009506.jar /Users/rajeevmohan/Desktop/Spring Boot/real-time-event-proccessing/flink-job/target/surefire 2024-06-04T10-30-56_989-jvmRun1 surefire7871686463714680066tmp surefire_017870940585987925441tmp"/>
    <property name="http.nonProxyHosts" value="local|*.local|169.254/16|*.169.254/16"/>
    <property name="jdk.debug" value="release"/>
    <property name="surefire.test.class.path" value="/Users/rajeevmohan/Desktop/Spring Boot/real-time-event-proccessing/flink-job/target/test-classes:/Users/rajeevmohan/Desktop/Spring Boot/real-time-event-proccessing/flink-job/target/classes:/Users/rajeevmohan/.m2/repository/org/springframework/boot/spring-boot-starter/2.7.0/spring-boot-starter-2.7.0.jar:/Users/rajeevmohan/.m2/repository/org/springframework/boot/spring-boot/2.7.0/spring-boot-2.7.0.jar:/Users/rajeevmohan/.m2/repository/org/springframework/spring-context/5.3.20/spring-context-5.3.20.jar:/Users/rajeevmohan/.m2/repository/org/springframework/spring-aop/5.3.20/spring-aop-5.3.20.jar:/Users/rajeevmohan/.m2/repository/org/springframework/spring-beans/5.3.20/spring-beans-5.3.20.jar:/Users/rajeevmohan/.m2/repository/org/springframework/spring-expression/5.3.20/spring-expression-5.3.20.jar:/Users/rajeevmohan/.m2/repository/org/springframework/boot/spring-boot-autoconfigure/2.7.0/spring-boot-autoconfigure-2.7.0.jar:/Users/rajeevmohan/.m2/repository/jakarta/annotation/jakarta.annotation-api/1.3.5/jakarta.annotation-api-1.3.5.jar:/Users/rajeevmohan/.m2/repository/org/springframework/spring-core/5.3.20/spring-core-5.3.20.jar:/Users/rajeevmohan/.m2/repository/org/springframework/spring-jcl/5.3.20/spring-jcl-5.3.20.jar:/Users/rajeevmohan/.m2/repository/org/yaml/snakeyaml/1.30/snakeyaml-1.30.jar:/Users/rajeevmohan/.m2/repository/org/apache/flink/flink-streaming-java/1.18.1/flink-streaming-java-1.18.1.jar:/Users/rajeevmohan/.m2/repository/org/apache/flink/flink-core/1.18.1/flink-core-1.18.1.jar:/Users/rajeevmohan/.m2/repository/org/apache/flink/flink-annotations/1.18.1/flink-annotations-1.18.1.jar:/Users/rajeevmohan/.m2/repository/org/apache/flink/flink-metrics-core/1.18.1/flink-metrics-core-1.18.1.jar:/Users/rajeevmohan/.m2/repository/org/apache/flink/flink-shaded-asm-9/9.5-17.0/flink-shaded-asm-9-9.5-17.0.jar:/Users/rajeevmohan/.m2/repository/org/apache/flink/flink-shaded-jackson/2.14.2-17.0/flink-shaded-jackson-2.14.2-17.0.jar:/Users/rajeevmohan/.m2/repository/org/apache/commons/commons-lang3/3.12.0/commons-lang3-3.12.0.jar:/Users/rajeevmohan/.m2/repository/org/apache/commons/commons-text/1.10.0/commons-text-1.10.0.jar:/Users/rajeevmohan/.m2/repository/com/esotericsoftware/kryo/kryo/2.24.0/kryo-2.24.0.jar:/Users/rajeevmohan/.m2/repository/com/esotericsoftware/minlog/minlog/1.2/minlog-1.2.jar:/Users/rajeevmohan/.m2/repository/commons-collections/commons-collections/3.2.2/commons-collections-3.2.2.jar:/Users/rajeevmohan/.m2/repository/org/apache/commons/commons-compress/1.21/commons-compress-1.21.jar:/Users/rajeevmohan/.m2/repository/org/apache/flink/flink-file-sink-common/1.18.1/flink-file-sink-common-1.18.1.jar:/Users/rajeevmohan/.m2/repository/org/apache/flink/flink-runtime/1.18.1/flink-runtime-1.18.1.jar:/Users/rajeevmohan/.m2/repository/org/apache/flink/flink-rpc-core/1.18.1/flink-rpc-core-1.18.1.jar:/Users/rajeevmohan/.m2/repository/org/apache/flink/flink-rpc-akka-loader/1.18.1/flink-rpc-akka-loader-1.18.1.jar:/Users/rajeevmohan/.m2/repository/org/apache/flink/flink-queryable-state-client-java/1.18.1/flink-queryable-state-client-java-1.18.1.jar:/Users/rajeevmohan/.m2/repository/org/apache/flink/flink-hadoop-fs/1.18.1/flink-hadoop-fs-1.18.1.jar:/Users/rajeevmohan/.m2/repository/commons-io/commons-io/2.11.0/commons-io-2.11.0.jar:/Users/rajeevmohan/.m2/repository/org/apache/flink/flink-shaded-netty/4.1.91.Final-17.0/flink-shaded-netty-4.1.91.Final-17.0.jar:/Users/rajeevmohan/.m2/repository/org/apache/flink/flink-shaded-zookeeper-3/3.7.1-17.0/flink-shaded-zookeeper-3-3.7.1-17.0.jar:/Users/rajeevmohan/.m2/repository/commons-cli/commons-cli/1.5.0/commons-cli-1.5.0.jar:/Users/rajeevmohan/.m2/repository/org/javassist/javassist/3.24.0-GA/javassist-3.24.0-GA.jar:/Users/rajeevmohan/.m2/repository/org/xerial/snappy/snappy-java/1.1.10.4/snappy-java-1.1.10.4.jar:/Users/rajeevmohan/.m2/repository/org/lz4/lz4-java/1.8.0/lz4-java-1.8.0.jar:/Users/rajeevmohan/.m2/repository/org/apache/flink/flink-java/1.18.1/flink-java-1.18.1.jar:/Users/rajeevmohan/.m2/repository/com/twitter/chill-java/0.7.6/chill-java-0.7.6.jar:/Users/rajeevmohan/.m2/repository/org/apache/flink/flink-shaded-guava/31.1-jre-17.0/flink-shaded-guava-31.1-jre-17.0.jar:/Users/rajeevmohan/.m2/repository/org/apache/commons/commons-math3/3.6.1/commons-math3-3.6.1.jar:/Users/rajeevmohan/.m2/repository/org/slf4j/slf4j-api/1.7.36/slf4j-api-1.7.36.jar:/Users/rajeevmohan/.m2/repository/com/google/code/findbugs/jsr305/1.3.9/jsr305-1.3.9.jar:/Users/rajeevmohan/.m2/repository/org/apache/flink/flink-connector-kafka/3.0.1-1.18/flink-connector-kafka-3.0.1-1.18.jar:/Users/rajeevmohan/.m2/repository/org/apache/flink/flink-connector-base/1.17.0/flink-connector-base-1.17.0.jar:/Users/rajeevmohan/.m2/repository/org/apache/kafka/kafka-clients/3.1.1/kafka-clients-3.1.1.jar:/Users/rajeevmohan/.m2/repository/com/github/luben/zstd-jni/1.5.0-4/zstd-jni-1.5.0-4.jar:/Users/rajeevmohan/.m2/repository/com/fasterxml/jackson/core/jackson-core/2.13.3/jackson-core-2.13.3.jar:/Users/rajeevmohan/.m2/repository/com/fasterxml/jackson/core/jackson-databind/2.13.3/jackson-databind-2.13.3.jar:/Users/rajeevmohan/.m2/repository/com/fasterxml/jackson/core/jackson-annotations/2.13.3/jackson-annotations-2.13.3.jar:/Users/rajeevmohan/.m2/repository/com/fasterxml/jackson/datatype/jackson-datatype-jsr310/2.13.3/jackson-datatype-jsr310-2.13.3.jar:/Users/rajeevmohan/.m2/repository/com/fasterxml/jackson/datatype/jackson-datatype-jdk8/2.13.3/jackson-datatype-jdk8-2.13.3.jar:/Users/rajeevmohan/.m2/repository/org/apache/flink/flink-connector-jdbc/3.1.1-1.17/flink-connector-jdbc-3.1.1-1.17.jar:/Users/rajeevmohan/.m2/repository/com/google/code/gson/gson/2.8.8/gson-2.8.8.jar:/Users/rajeevmohan/.m2/repository/org/projectlombok/lombok/1.18.24/lombok-1.18.24.jar:/Users/rajeevmohan/.m2/repository/org/springframework/boot/spring-boot-starter-test/2.7.0/spring-boot-starter-test-2.7.0.jar:/Users/rajeevmohan/.m2/repository/org/springframework/boot/spring-boot-test/2.7.0/spring-boot-test-2.7.0.jar:/Users/rajeevmohan/.m2/repository/org/springframework/boot/spring-boot-test-autoconfigure/2.7.0/spring-boot-test-autoconfigure-2.7.0.jar:/Users/rajeevmohan/.m2/repository/com/jayway/jsonpath/json-path/2.7.0/json-path-2.7.0.jar:/Users/rajeevmohan/.m2/repository/net/minidev/json-smart/2.4.8/json-smart-2.4.8.jar:/Users/rajeevmohan/.m2/repository/net/minidev/accessors-smart/2.4.8/accessors-smart-2.4.8.jar:/Users/rajeevmohan/.m2/repository/org/ow2/asm/asm/9.1/asm-9.1.jar:/Users/rajeevmohan/.m2/repository/jakarta/xml/bind/jakarta.xml.bind-api/2.3.3/jakarta.xml.bind-api-2.3.3.jar:/Users/rajeevmohan/.m2/repository/jakarta/activation/jakarta.activation-api/1.2.2/jakarta.activation-api-1.2.2.jar:/Users/rajeevmohan/.m2/repository/org/assertj/assertj-core/3.22.0/assertj-core-3.22.0.jar:/Users/rajeevmohan/.m2/repository/org/hamcrest/hamcrest/2.2/hamcrest-2.2.jar:/Users/rajeevmohan/.m2/repository/org/junit/jupiter/junit-jupiter/5.8.2/junit-jupiter-5.8.2.jar:/Users/rajeevmohan/.m2/repository/org/junit/jupiter/junit-jupiter-api/5.8.2/junit-jupiter-api-5.8.2.jar:/Users/rajeevmohan/.m2/repository/org/opentest4j/opentest4j/1.2.0/opentest4j-1.2.0.jar:/Users/rajeevmohan/.m2/repository/org/junit/platform/junit-platform-commons/1.8.2/junit-platform-commons-1.8.2.jar:/Users/rajeevmohan/.m2/repository/org/apiguardian/apiguardian-api/1.1.2/apiguardian-api-1.1.2.jar:/Users/rajeevmohan/.m2/repository/org/junit/jupiter/junit-jupiter-params/5.8.2/junit-jupiter-params-5.8.2.jar:/Users/rajeevmohan/.m2/repository/org/junit/jupiter/junit-jupiter-engine/5.8.2/junit-jupiter-engine-5.8.2.jar:/Users/rajeevmohan/.m2/repository/org/junit/platform/junit-platform-engine/1.8.2/junit-platform-engine-1.8.2.jar:/Users/rajeevmohan/.m2/repository/org/mockito/mockito-core/4.5.1/mockito-core-4.5.1.jar:/Users/rajeevmohan/.m2/repository/net/bytebuddy/byte-buddy/1.12.10/byte-buddy-1.12.10.jar:/Users/rajeevmohan/.m2/repository/net/bytebuddy/byte-buddy-agent/1.12.10/byte-buddy-agent-1.12.10.jar:/Users/rajeevmohan/.m2/repository/org/objenesis/objenesis/3.2/objenesis-3.2.jar:/Users/rajeevmohan/.m2/repository/org/mockito/mockito-junit-jupiter/4.5.1/mockito-junit-jupiter-4.5.1.jar:/Users/rajeevmohan/.m2/repository/org/skyscreamer/jsonassert/1.5.0/jsonassert-1.5.0.jar:/Users/rajeevmohan/.m2/repository/com/vaadin/external/google/android-json/0.0.20131108.vaadin1/android-json-0.0.20131108.vaadin1.jar:/Users/rajeevmohan/.m2/repository/org/springframework/spring-test/5.3.20/spring-test-5.3.20.jar:/Users/rajeevmohan/.m2/repository/org/xmlunit/xmlunit-core/2.9.0/xmlunit-core-2.9.0.jar:/Users/rajeevmohan/.m2/repository/org/apache/logging/log4j/log4j-slf4j-impl/2.17.1/log4j-slf4j-impl-2.17.1.jar:/Users/rajeevmohan/.m2/repository/org/apache/logging/log4j/log4j-api/2.17.1/log4j-api-2.17.1.jar:/Users/rajeevmohan/.m2/repository/org/apache/logging/log4j/log4j-core/2.17.1/log4j-core-2.17.1.jar:"/>
    <property name="sun.cpu.endian" value="little"/>
    <property name="user.home" value="/Users/rajeevmohan"/>
    <property name="user.language" value="en"/>
    <property name="java.specification.vendor" value="Oracle Corporation"/>
    <property name="java.version.date" value="2023-10-17"/>
    <property name="java.home" value="/usr/local/Cellar/openjdk/21.0.1/libexec/openjdk.jdk/Contents/Home"/>
    <property name="file.separator" value="/"/>
    <property name="basedir" value="/Users/rajeevmohan/Desktop/Spring Boot/real-time-event-proccessing/flink-job"/>
    <property name="java.vm.compressedOopsMode" value="Zero based"/>
    <property name="line.separator" value="&#10;"/>
    <property name="java.vm.specification.vendor" value="Oracle Corporation"/>
    <property name="java.specification.name" value="Java Platform API Specification"/>
    <property name="apple.awt.application.name" value="ForkedBooter"/>
    <property name="surefire.real.class.path" value="/Users/rajeevmohan/Desktop/Spring Boot/real-time-event-proccessing/flink-job/target/surefire/surefirebooter7963299784413009506.jar"/>
    <property name="sun.management.compiler" value="HotSpot 64-Bit Tiered Compilers"/>
    <property name="ftp.nonProxyHosts" value="local|*.local|169.254/16|*.169.254/16"/>
    <property name="java.runtime.version" value="21.0.1"/>
    <property name="user.name" value="rajeevmohan"/>
    <property name="stdout.encoding" value="US-ASCII"/>
    <property name="path.separator" value=":"/>
    <property name="os.version" value="14.4.1"/>
    <property name="java.runtime.name" value="OpenJDK Runtime Environment"/>
    <property name="file.encoding" value="UTF-8"/>
    <property name="java.vm.name" value="OpenJDK 64-Bit Server VM"/>
    <property name="java.vendor.version" value="Homebrew"/>
    <property name="localRepository" value="/Users/rajeevmohan/.m2/repository"/>
    <property name="java.vendor.url.bug" value="https://github.com/Homebrew/homebrew-core/issues"/>
    <property name="java.io.tmpdir" value="/var/folders/vm/bdf6rly552dgjp44kclhjhj00000gq/T/"/>
    <property name="idea.version" value="2023.2.2"/>
    <property name="java.version" value="21.0.1"/>
    <property name="user.dir" value="/Users/rajeevmohan/Desktop/Spring Boot/real-time-event-proccessing/flink-job"/>
    <property name="os.arch" value="x86_64"/>
    <property name="java.vm.specification.name" value="Java Virtual Machine Specification"/>
    <property name="native.encoding" value="US-ASCII"/>
    <property name="java.library.path" value="/Users/rajeevmohan/Library/Java/Extensions:/Library/Java/Extensions:/Network/Library/Java/Extensions:/System/Library/Java/Extensions:/usr/lib/java:."/>
    <property name="java.vm.info" value="mixed mode, sharing"/>
    <property name="stderr.encoding" value="US-ASCII"/>
    <property name="java.vendor" value="Homebrew"/>
    <property name="java.vm.version" value="21.0.1"/>
    <property name="sun.io.unicode.encoding" value="UnicodeBig"/>
    <property name="socksNonProxyHosts" value="local|*.local|169.254/16|*.169.254/16"/>
    <property name="java.class.version" value="65.0"/>
  </properties>
  <testcase name="contextLoads" classname="com.example.flink_job.FlinkJobApplicationTests" time="0.279"/>
</testsuite>